{
  "RSpec": {
    "coverage": {
      "/home/nishant/rails/vouchers-app/spec/support/controller_macros.rb": [
        1,
        1,
        6,
        97,
        97,
        97,
        null,
        null,
        null
      ],
      "/home/nishant/rails/vouchers-app/app/controllers/accounts_controller.rb": [
        null,
        null,
        1,
        null,
        1,
        null,
        1,
        2,
        null,
        null,
        null,
        1,
        3,
        null,
        null,
        null,
        null,
        1,
        4,
        4,
        3,
        null,
        1,
        null,
        null,
        null,
        1,
        null,
        null,
        1,
        null,
        null,
        1,
        6,
        3,
        null,
        3,
        null,
        null,
        null,
        null,
        1,
        0,
        null,
        null,
        null,
        1,
        null,
        1,
        14,
        14,
        5,
        5,
        null,
        null,
        null,
        1,
        10,
        null,
        null,
        null,
        null
      ],
      "/home/nishant/rails/vouchers-app/app/controllers/application_controller.rb": [
        1,
        null,
        null,
        null,
        1,
        null,
        1,
        null,
        1,
        null,
        1,
        0,
        null,
        null,
        1,
        0,
        null,
        null,
        1,
        null,
        null,
        14,
        14,
        14,
        null,
        0,
        null,
        null,
        null,
        1,
        null,
        null,
        null,
        null,
        null,
        null,
        null,
        null,
        null,
        null,
        null,
        null,
        null,
        null
      ],
      "/home/nishant/rails/vouchers-app/spec/controllers/comment_spec.rb": [
        1,
        null,
        1,
        1,
        1,
        4,
        4,
        null,
        1,
        1,
        4,
        4,
        null,
        null,
        1,
        1,
        1,
        null,
        1,
        1,
        1,
        1,
        null,
        null,
        1,
        1,
        1,
        null,
        null,
        1,
        1,
        null,
        null,
        null,
        1,
        1,
        1,
        null,
        null,
        1,
        1,
        null,
        null,
        null,
        null
      ],
      "/home/nishant/rails/vouchers-app/app/controllers/comments_controller.rb": [
        1,
        null,
        1,
        1,
        null,
        1,
        4,
        4,
        4,
        8,
        4,
        null,
        null,
        0,
        0,
        0,
        null,
        null,
        null,
        null,
        1,
        null,
        1,
        0,
        0,
        0,
        0,
        null,
        null,
        null,
        1,
        4,
        4,
        0,
        0,
        null,
        null,
        null,
        null,
        1,
        4,
        null,
        null,
        null
      ],
      "/home/nishant/rails/vouchers-app/spec/controllers/report_spec.rb": [
        1,
        1,
        1,
        1,
        4,
        4,
        null,
        null,
        1,
        1,
        1,
        1,
        null,
        null,
        1,
        1,
        1,
        null,
        null,
        null,
        1,
        1,
        1,
        1,
        null,
        null,
        1,
        1,
        1,
        null,
        null,
        null,
        null
      ],
      "/home/nishant/rails/vouchers-app/app/controllers/reports_controller.rb": [
        1,
        null,
        1,
        1,
        1,
        null,
        1,
        4,
        4,
        4,
        4,
        null,
        null,
        null,
        null,
        1,
        0,
        0,
        0,
        0,
        null,
        null,
        null,
        1,
        null,
        1,
        0,
        0,
        null,
        null,
        1,
        0,
        0,
        null,
        null,
        null,
        1,
        8,
        null,
        null,
        null
      ],
      "/home/nishant/rails/vouchers-app/app/controllers/vouchers_controller.rb": [
        1,
        null,
        1,
        1,
        1,
        1,
        1,
        null,
        1,
        null,
        1,
        2,
        null,
        null,
        null,
        1,
        null,
        2,
        2,
        2,
        2,
        null,
        null,
        null,
        1,
        null,
        null,
        null,
        1,
        null,
        null,
        null,
        1,
        null,
        3,
        3,
        3,
        2,
        4,
        null,
        2,
        null,
        null,
        null,
        null,
        null,
        null,
        1,
        null,
        5,
        5,
        3,
        6,
        null,
        4,
        null,
        null,
        null,
        null,
        null,
        1,
        2,
        null,
        null,
        1,
        2,
        null,
        null,
        1,
        2,
        null,
        null,
        null,
        1,
        2,
        null,
        null,
        1,
        2,
        null,
        null,
        1,
        2,
        null,
        null,
        1,
        5,
        5,
        null,
        null,
        1,
        2,
        2,
        2,
        2,
        null,
        null,
        1,
        3,
        3,
        null,
        null,
        null,
        1,
        null,
        14,
        null,
        14,
        null,
        14,
        null,
        14,
        null,
        14,
        null,
        14,
        null,
        14,
        null,
        14,
        null,
        14,
        null,
        null,
        null,
        1,
        0,
        0,
        null,
        null,
        1,
        null,
        1,
        2,
        null,
        null,
        1,
        21,
        21,
        null,
        null,
        1,
        8,
        null,
        null,
        1,
        12,
        12,
        null,
        null,
        null,
        1,
        4,
        null,
        null,
        1,
        8,
        0,
        0,
        null,
        null,
        null,
        null,
        null
      ],
      "/home/nishant/rails/vouchers-app/spec/controllers/search_spec.rb": [
        1,
        1,
        1,
        null,
        1,
        1,
        1,
        1,
        2,
        2,
        2,
        null,
        1,
        2,
        null,
        null,
        1,
        1,
        1,
        1,
        null,
        null,
        1,
        1,
        1,
        null,
        null,
        null,
        null
      ],
      "/home/nishant/rails/vouchers-app/lib/tasks/backup.rake": [
        1,
        1,
        1,
        0,
        null,
        null
      ],
      "/home/nishant/rails/vouchers-app/lib/tasks/create.rake": [
        1,
        1,
        1,
        0,
        0,
        0,
        0,
        0,
        0,
        0,
        0,
        0,
        null,
        null
      ],
      "/home/nishant/rails/vouchers-app/lib/tasks/digest.rake": [
        1,
        1,
        1,
        0,
        0,
        null,
        null,
        null
      ],
      "/home/nishant/rails/vouchers-app/lib/tasks/mail.rake": [
        1,
        1,
        1,
        0,
        0,
        null,
        null,
        null
      ],
      "/home/nishant/rails/vouchers-app/app/controllers/searches_controller.rb": [
        1,
        null,
        1,
        2,
        2,
        null,
        null,
        null,
        null
      ],
      "/home/nishant/rails/vouchers-app/spec/controllers/user_spec.rb": [
        1,
        null,
        1,
        1,
        1,
        24,
        24,
        null,
        1,
        1,
        2,
        null,
        null,
        1,
        1,
        1,
        null,
        1,
        1,
        1,
        null,
        null,
        null,
        1,
        1,
        3,
        null,
        null,
        1,
        1,
        1,
        1,
        null,
        1,
        1,
        1,
        null,
        1,
        1,
        1,
        null,
        null,
        null,
        1,
        1,
        6,
        null,
        null,
        1,
        1,
        3,
        null,
        1,
        1,
        null,
        1,
        1,
        null,
        1,
        1,
        null,
        null,
        1,
        1,
        3,
        3,
        null,
        1,
        1,
        null,
        1,
        1,
        null,
        1,
        1,
        null,
        null,
        null,
        null,
        1,
        1,
        5,
        null,
        null,
        null,
        1,
        1,
        1,
        null,
        1,
        1,
        1,
        1,
        null,
        null,
        1,
        1,
        1,
        null,
        null,
        1,
        1,
        1,
        null,
        null,
        null,
        1,
        1,
        2,
        null,
        null,
        1,
        1,
        null,
        1,
        1,
        null,
        null,
        null,
        null,
        1,
        1,
        8,
        null,
        null,
        null,
        1,
        1,
        6,
        null,
        1,
        1,
        1,
        null,
        1,
        1,
        2,
        null,
        null,
        1,
        1,
        null,
        1,
        1,
        null,
        null,
        null,
        1,
        1,
        3,
        null,
        null,
        1,
        1,
        null,
        1,
        1,
        null,
        1,
        1,
        null,
        null,
        null,
        null,
        1,
        1,
        2,
        2,
        null,
        1,
        1,
        null,
        1,
        1,
        null,
        null,
        null,
        null,
        null
      ],
      "/home/nishant/rails/vouchers-app/app/controllers/admin/users_controller.rb": [
        1,
        null,
        1,
        null,
        null,
        null,
        null,
        null,
        null,
        1,
        2,
        null,
        null,
        1,
        3,
        null,
        null,
        1,
        null,
        null,
        1,
        5,
        5,
        2,
        null,
        3,
        null,
        null,
        null,
        1,
        6,
        3,
        null,
        3,
        null,
        null,
        null,
        1,
        null,
        null,
        null,
        1,
        0,
        null,
        null,
        1,
        null,
        1,
        11,
        null,
        null,
        1,
        15,
        15,
        null,
        null
      ],
      "/home/nishant/rails/vouchers-app/app/controllers/admin/admin_base_controller.rb": [
        1,
        null,
        1,
        null,
        1,
        25,
        0,
        null,
        null,
        null,
        null
      ],
      "/home/nishant/rails/vouchers-app/spec/controllers/voucher_spec.rb": [
        1,
        1,
        1,
        1,
        1,
        40,
        40,
        null,
        1,
        1,
        1,
        null,
        null,
        null,
        1,
        1,
        1,
        1,
        null,
        null,
        1,
        1,
        1,
        null,
        null,
        null,
        1,
        1,
        1,
        null,
        1,
        1,
        1,
        null,
        null,
        null,
        1,
        1,
        2,
        2,
        null,
        1,
        1,
        null,
        1,
        1,
        null,
        null,
        null,
        1,
        1,
        2,
        2,
        null,
        null,
        1,
        1,
        null,
        1,
        1,
        null,
        null,
        null,
        1,
        1,
        1,
        1,
        null,
        null,
        1,
        1,
        1,
        null,
        null,
        null,
        1,
        1,
        1,
        1,
        null,
        null,
        1,
        1,
        1,
        null,
        null,
        null,
        1,
        1,
        1,
        1,
        null,
        null,
        1,
        1,
        1,
        null,
        null,
        null,
        1,
        1,
        1,
        1,
        null,
        null,
        1,
        1,
        1,
        null,
        null,
        null,
        1,
        1,
        1,
        1,
        null,
        null,
        1,
        1,
        1,
        null,
        null,
        null,
        1,
        1,
        1,
        1,
        null,
        null,
        1,
        1,
        1,
        null,
        null,
        null,
        1,
        1,
        5,
        null,
        1,
        1,
        5,
        5,
        null,
        null,
        1,
        1,
        1,
        null,
        null,
        1,
        1,
        2,
        null,
        null,
        1,
        1,
        null,
        1,
        1,
        null,
        null,
        1,
        1,
        2,
        2,
        null,
        null,
        1,
        1,
        null,
        1,
        1,
        null,
        null,
        null,
        null,
        null,
        null,
        1,
        1,
        4,
        null,
        null,
        1,
        1,
        1,
        1,
        null,
        1,
        1,
        1,
        1,
        null,
        null,
        1,
        1,
        1,
        null,
        null,
        1,
        1,
        1,
        null,
        null,
        null,
        1,
        1,
        1,
        null,
        null,
        1,
        1,
        null,
        null,
        null,
        null,
        null,
        1,
        1,
        5,
        null,
        null,
        1,
        1,
        5,
        5,
        null,
        1,
        1,
        1,
        null,
        1,
        1,
        2,
        null,
        null,
        1,
        1,
        1,
        null,
        1,
        1,
        null,
        null,
        null,
        1,
        1,
        2,
        null,
        null,
        1,
        1,
        null,
        1,
        1,
        null,
        null,
        null,
        null,
        null,
        1,
        1,
        3,
        null,
        1,
        1,
        3,
        3,
        null,
        1,
        1,
        1,
        null,
        1,
        1,
        2,
        null,
        1,
        1,
        null,
        1,
        1,
        null,
        null,
        null,
        null,
        1,
        1,
        2,
        null,
        null,
        1,
        1,
        2,
        2,
        null,
        1,
        1,
        1,
        null,
        1,
        1,
        1,
        null,
        1,
        1,
        null,
        null,
        null,
        null,
        null,
        null
      ],
      "/home/nishant/rails/vouchers-app/spec/models/voucher_spec.rb": [
        1,
        1,
        1,
        9,
        9,
        null,
        1,
        1,
        null,
        1,
        1,
        1,
        null,
        1,
        1,
        1,
        null,
        1,
        1,
        1,
        1,
        1,
        null,
        null,
        1,
        1,
        1,
        1,
        1,
        null,
        null,
        1,
        1,
        1,
        1,
        null,
        1,
        1,
        1,
        1,
        null,
        null,
        null,
        1,
        1,
        1,
        1,
        1,
        null,
        1,
        1,
        1,
        null,
        null,
        null,
        1,
        1,
        1,
        1,
        null,
        1,
        1,
        1,
        null,
        null,
        null,
        null,
        null
      ],
      "/home/nishant/rails/vouchers-app/app/models/voucher.rb": [
        1,
        null,
        1,
        null,
        1,
        null,
        1,
        null,
        1,
        null,
        1,
        1,
        1,
        null,
        1,
        1,
        1,
        null,
        1,
        1,
        1,
        null,
        1,
        1,
        null,
        null,
        1,
        1,
        null,
        1,
        null,
        null,
        1,
        24,
        null,
        null,
        null,
        1,
        null,
        1,
        1,
        null,
        1,
        null,
        6,
        6,
        null,
        6,
        6,
        null,
        1,
        1,
        1,
        1,
        1,
        null,
        null,
        1,
        1,
        1,
        null,
        null,
        1,
        1,
        1,
        null,
        52,
        null,
        1,
        null,
        1,
        5,
        null,
        1,
        1,
        null,
        5,
        null,
        1,
        null,
        1,
        23,
        null,
        null,
        1,
        49,
        null,
        null,
        1,
        2,
        null,
        null,
        null,
        null,
        1,
        0,
        0,
        null,
        null,
        1,
        0,
        null,
        null,
        1,
        0,
        0,
        null,
        null,
        1,
        0,
        0,
        null,
        null,
        1,
        0,
        null,
        null,
        1,
        5,
        null,
        null,
        1,
        0,
        null,
        null,
        1,
        2,
        null,
        null,
        1,
        0,
        null,
        null,
        null,
        1,
        98,
        98,
        null,
        null,
        1,
        5,
        0,
        5,
        0,
        0,
        0,
        null,
        null,
        null
      ],
      "/home/nishant/rails/vouchers-app/app/models/account.rb": [
        1,
        1,
        null,
        1,
        null,
        1,
        1,
        null,
        1,
        1,
        null,
        1,
        1,
        1,
        1,
        null,
        38,
        null,
        1,
        0,
        0,
        null,
        null,
        1,
        0,
        0,
        null,
        null,
        1,
        0,
        0,
        null,
        null,
        null
      ],
      "/home/nishant/rails/vouchers-app/app/indices/voucher_index.rb": [
        1,
        0,
        0,
        0,
        0,
        0,
        0,
        0,
        null,
        0,
        null,
        null,
        0,
        0,
        0,
        0,
        0,
        0,
        0,
        0,
        0,
        0,
        0,
        0,
        0,
        0,
        0,
        null
      ],
      "/home/nishant/rails/vouchers-app/app/models/transaction.rb": [
        1,
        1,
        1,
        1,
        1,
        1,
        15,
        null,
        null
      ],
      "/home/nishant/rails/vouchers-app/app/models/attachment.rb": [
        1,
        1,
        null,
        1,
        null
      ],
      "/home/nishant/rails/vouchers-app/app/models/comment.rb": [
        1,
        1,
        null,
        1,
        1,
        null,
        null,
        null,
        null,
        null
      ]
    },
    "timestamp": 1388746568
  }
}
